<?xml version="1.0" encoding="UTF-8"?>
<!-- Generated by org.testng.reporters.JUnitReportReporter -->
<testsuite hostname="Sumits-MacBook-Pro.local" name="testScripts.TS007_NewOrderWithAddOnAndDevice" tests="2" failures="1" timestamp="11 Dec 2017 04:47:49 GMT" time="11.887" errors="0">
  <testcase name="VerifyLogin" time="1.825" classname="testScripts.TS007_NewOrderWithAddOnAndDevice"/>
  <testcase name="newOrderWithAddOnDevice" time="10.062" classname="testScripts.TS007_NewOrderWithAddOnAndDevice">
    <failure type="org.openqa.selenium.NoSuchElementException" message="Unable to locate element: #st-container &gt; div &gt; div &gt; div:nth-child(2) &gt; span &gt; div &gt; div &gt; div:nth-child(6) &gt; div &gt; div &gt; div &gt; div &gt; div &gt; div &gt; div.col-xs-2.col-md-1 &gt; div &gt; img
For documentation on this error, please visit: http://seleniumhq.org/exceptions/no_such_element.html
Build info: version: &#039;3.6.0&#039;, revision: &#039;6fbf3ec767&#039;, time: &#039;2017-09-27T15:28:36.4Z&#039;
System info: host: &#039;Sumits-MacBook-Pro.local&#039;, ip: &#039;fe80:0:0:0:ea:1810:510b:cace%en0&#039;, os.name: &#039;Mac OS X&#039;, os.arch: &#039;x86_64&#039;, os.version: &#039;10.13.1&#039;, java.version: &#039;1.8.0_144&#039;
Driver info: org.openqa.selenium.firefox.FirefoxDriver
Capabilities [{moz:profile=/var/folders/69/27p2kcw966l10g_lzp5zgt_c0000gn/T/rust_mozprofile.jj0dWsqAZMrx, rotatable=false, timeouts={implicit=0, pageLoad=300000, script=30000}, pageLoadStrategy=normal, moz:headless=false, platform=MAC, specificationLevel=0, moz:accessibilityChecks=false, acceptInsecureCerts=true, browserVersion=56.0.2, platformVersion=17.2.0, moz:processID=37477, browserName=firefox, javascriptEnabled=true, platformName=MAC}]
Session ID: 02edbb67-76e9-8648-8083-97677bb528f6
*** Element info: {Using=css selector, value=#st-container &gt; div &gt; div &gt; div:nth-child(2) &gt; span &gt; div &gt; div &gt; div:nth-child(6) &gt; div &gt; div &gt; div &gt; div &gt; div &gt; div &gt; div.col-xs-2.col-md-1 &gt; div &gt; img}">
      <![CDATA[org.openqa.selenium.NoSuchElementException: Unable to locate element: #st-container > div > div > div:nth-child(2) > span > div > div > div:nth-child(6) > div > div > div > div > div > div > div.col-xs-2.col-md-1 > div > img
For documentation on this error, please visit: http://seleniumhq.org/exceptions/no_such_element.html
Build info: version: '3.6.0', revision: '6fbf3ec767', time: '2017-09-27T15:28:36.4Z'
System info: host: 'Sumits-MacBook-Pro.local', ip: 'fe80:0:0:0:ea:1810:510b:cace%en0', os.name: 'Mac OS X', os.arch: 'x86_64', os.version: '10.13.1', java.version: '1.8.0_144'
Driver info: org.openqa.selenium.firefox.FirefoxDriver
Capabilities [{moz:profile=/var/folders/69/27p2kcw966l10g_lzp5zgt_c0000gn/T/rust_mozprofile.jj0dWsqAZMrx, rotatable=false, timeouts={implicit=0, pageLoad=300000, script=30000}, pageLoadStrategy=normal, moz:headless=false, platform=MAC, specificationLevel=0, moz:accessibilityChecks=false, acceptInsecureCerts=true, browserVersion=56.0.2, platformVersion=17.2.0, moz:processID=37477, browserName=firefox, javascriptEnabled=true, platformName=MAC}]
Session ID: 02edbb67-76e9-8648-8083-97677bb528f6
*** Element info: {Using=css selector, value=#st-container > div > div > div:nth-child(2) > span > div > div > div:nth-child(6) > div > div > div > div > div > div > div.col-xs-2.col-md-1 > div > img}
	at sun.reflect.NativeConstructorAccessorImpl.newInstance0(Native Method)
	at sun.reflect.NativeConstructorAccessorImpl.newInstance(NativeConstructorAccessorImpl.java:62)
	at sun.reflect.DelegatingConstructorAccessorImpl.newInstance(DelegatingConstructorAccessorImpl.java:45)
	at java.lang.reflect.Constructor.newInstance(Constructor.java:423)
	at org.openqa.selenium.remote.http.W3CHttpResponseCodec.createException(W3CHttpResponseCodec.java:185)
	at org.openqa.selenium.remote.http.W3CHttpResponseCodec.decode(W3CHttpResponseCodec.java:120)
	at org.openqa.selenium.remote.http.W3CHttpResponseCodec.decode(W3CHttpResponseCodec.java:49)
	at org.openqa.selenium.remote.HttpCommandExecutor.execute(HttpCommandExecutor.java:164)
	at org.openqa.selenium.remote.service.DriverCommandExecutor.execute(DriverCommandExecutor.java:83)
	at org.openqa.selenium.remote.RemoteWebDriver.execute(RemoteWebDriver.java:586)
	at org.openqa.selenium.remote.RemoteWebDriver.findElement(RemoteWebDriver.java:356)
	at org.openqa.selenium.remote.RemoteWebDriver.findElementByCssSelector(RemoteWebDriver.java:450)
	at org.openqa.selenium.By$ByCssSelector.findElement(By.java:430)
	at org.openqa.selenium.remote.RemoteWebDriver.findElement(RemoteWebDriver.java:348)
	at pageLibrary.PlanPage.clickOnUnlimitedAddOn(PlanPage.java:45)
	at testScripts.TS007_NewOrderWithAddOnAndDevice.newOrderWithAddOnDevice(TS007_NewOrderWithAddOnAndDevice.java:72)
	at sun.reflect.NativeMethodAccessorImpl.invoke0(Native Method)
	at sun.reflect.NativeMethodAccessorImpl.invoke(NativeMethodAccessorImpl.java:62)
	at sun.reflect.DelegatingMethodAccessorImpl.invoke(DelegatingMethodAccessorImpl.java:43)
	at java.lang.reflect.Method.invoke(Method.java:498)
	at org.testng.internal.MethodInvocationHelper.invokeMethod(MethodInvocationHelper.java:80)
	at org.testng.internal.Invoker.invokeMethod(Invoker.java:714)
	at org.testng.internal.Invoker.invokeTestMethod(Invoker.java:901)
	at org.testng.internal.Invoker.invokeTestMethods(Invoker.java:1231)
	at org.testng.internal.TestMethodWorker.invokeTestMethods(TestMethodWorker.java:127)
	at org.testng.internal.TestMethodWorker.run(TestMethodWorker.java:111)
	at org.testng.TestRunner.privateRun(TestRunner.java:767)
	at org.testng.TestRunner.run(TestRunner.java:617)
	at org.testng.SuiteRunner.runTest(SuiteRunner.java:334)
	at org.testng.SuiteRunner.runSequentially(SuiteRunner.java:329)
	at org.testng.SuiteRunner.privateRun(SuiteRunner.java:291)
	at org.testng.SuiteRunner.run(SuiteRunner.java:240)
	at org.testng.SuiteRunnerWorker.runSuite(SuiteRunnerWorker.java:52)
	at org.testng.SuiteRunnerWorker.run(SuiteRunnerWorker.java:86)
	at org.testng.TestNG.runSuitesSequentially(TestNG.java:1198)
	at org.testng.TestNG.runSuitesLocally(TestNG.java:1123)
	at org.testng.TestNG.run(TestNG.java:1031)
	at org.testng.remote.AbstractRemoteTestNG.run(AbstractRemoteTestNG.java:114)
	at org.testng.remote.RemoteTestNG.initAndRun(RemoteTestNG.java:251)
	at org.testng.remote.RemoteTestNG.main(RemoteTestNG.java:77)
]]>
    </failure>
  </testcase> <!-- newOrderWithAddOnDevice -->
</testsuite> <!-- testScripts.TS007_NewOrderWithAddOnAndDevice -->
